<?xml version="1.0" encoding="UTF-8"?>
<!-- Generated by org.testng.reporters.JUnitReportReporter -->
<testsuite hostname="lpbr208-kmsudeep" failures="0" tests="1" name="Spotify.Oauth2.Playlists" time="4.087" errors="0" timestamp="10 Dec 2024 09:53:28 GMT" skipped="0">
  <testcase classname="Spotify.Oauth2.Playlists" name="CreatePlaylist" time="4.087"/>
</testsuite> <!-- Spotify.Oauth2.Playlists -->
